<?xml version="1.0" encoding="UTF-8"?>
<!-- Generated by org.testng.reporters.JUnitReportReporter -->
<testsuite hostname="PC-20161026ZCQN" name="org.webdriver.mindaiwebui.cases.RegistrationTest" tests="1" failures="0" timestamp="16 Mar 2017 09:50:09 GMT" time="13.021" errors="0">
  <testcase name="Login" time="13.021" classname="org.webdriver.mindaiwebui.cases.RegistrationTest"/>
</testsuite> <!-- org.webdriver.mindaiwebui.cases.RegistrationTest -->
