<?xml version="1.0" encoding="UTF-8"?>
<!-- Generated by org.testng.reporters.JUnitReportReporter -->
<testsuite hostname="PC-20161026ZCQN" name="org.webdriver.mindaiwebui.cases.LoginTest1" tests="1" failures="0" timestamp="2 Mar 2017 08:06:42 GMT" time="18.859" errors="0">
  <testcase name="Login" time="18.859" classname="org.webdriver.mindaiwebui.cases.LoginTest1"/>
</testsuite> <!-- org.webdriver.mindaiwebui.cases.LoginTest1 -->
