<?xml version="1.0" encoding="UTF-8"?>
<!-- Generated by org.testng.reporters.JUnitReportReporter -->
<testsuite hostname="PC-20161026ZCQN" name="org.webdriver.mindaiwebui.cases.Jjfabiaotest" tests="6" failures="0" timestamp="2 Mar 2017 07:38:17 GMT" time="21.847" errors="0">
  <testcase name="ts" time="3.506" classname="org.webdriver.mindaiwebui.cases.Jjfabiaotest"/>
  <testcase name="ts" time="3.422" classname="org.webdriver.mindaiwebui.cases.Jjfabiaotest"/>
  <testcase name="ts" time="3.394" classname="org.webdriver.mindaiwebui.cases.Jjfabiaotest"/>
  <testcase name="ts" time="3.882" classname="org.webdriver.mindaiwebui.cases.Jjfabiaotest"/>
  <testcase name="ts" time="3.657" classname="org.webdriver.mindaiwebui.cases.Jjfabiaotest"/>
  <testcase name="ts" time="3.986" classname="org.webdriver.mindaiwebui.cases.Jjfabiaotest"/>
</testsuite> <!-- org.webdriver.mindaiwebui.cases.Jjfabiaotest -->
