<?xml version="1.0" encoding="UTF-8"?>
<!-- Generated by org.testng.reporters.JUnitReportReporter -->
<testsuite hostname="YLMF-1905071216" name="org.webdriver.mindaiwebui.cases.Openaccount" tests="1" failures="0" timestamp="6 Jun 2019 09:16:42 GMT" time="2.825" errors="0">
  <testcase name="Login" time="2.825" classname="org.webdriver.mindaiwebui.cases.Openaccount"/>
</testsuite> <!-- org.webdriver.mindaiwebui.cases.Openaccount -->
