<?xml version="1.0" encoding="UTF-8"?>
<!-- Generated by org.testng.reporters.JUnitReportReporter -->
<testsuite hostname="hepeng" name="org.webdriver.mindaiwebui.cases.Jjfabiaotest" tests="10" failures="0" timestamp="20 Aug 2018 01:50:32 GMT" time="38.462" errors="0">
  <testcase name="ts" time="3.735" classname="org.webdriver.mindaiwebui.cases.Jjfabiaotest"/>
  <testcase name="ts" time="4.741" classname="org.webdriver.mindaiwebui.cases.Jjfabiaotest"/>
  <testcase name="ts" time="3.614" classname="org.webdriver.mindaiwebui.cases.Jjfabiaotest"/>
  <testcase name="ts" time="3.546" classname="org.webdriver.mindaiwebui.cases.Jjfabiaotest"/>
  <testcase name="ts" time="3.694" classname="org.webdriver.mindaiwebui.cases.Jjfabiaotest"/>
  <testcase name="ts" time="3.981" classname="org.webdriver.mindaiwebui.cases.Jjfabiaotest"/>
  <testcase name="ts" time="3.644" classname="org.webdriver.mindaiwebui.cases.Jjfabiaotest"/>
  <testcase name="ts" time="3.577" classname="org.webdriver.mindaiwebui.cases.Jjfabiaotest"/>
  <testcase name="ts" time="4.293" classname="org.webdriver.mindaiwebui.cases.Jjfabiaotest"/>
  <testcase name="ts" time="3.637" classname="org.webdriver.mindaiwebui.cases.Jjfabiaotest"/>
</testsuite> <!-- org.webdriver.mindaiwebui.cases.Jjfabiaotest -->
