<?xml version="1.0" encoding="UTF-8"?>
<!-- Generated by org.testng.reporters.JUnitReportReporter -->
<testsuite hostname="hepeng" name="org.webdriver.mindaiwebui.cases.Openaccount" tests="1" failures="0" timestamp="5 Mar 2019 09:06:10 GMT" time="20.513" errors="0">
  <testcase name="Login" time="20.513" classname="org.webdriver.mindaiwebui.cases.Openaccount"/>
</testsuite> <!-- org.webdriver.mindaiwebui.cases.Openaccount -->
