<?xml version="1.0" encoding="UTF-8"?>
<!-- Generated by org.testng.reporters.JUnitReportReporter -->
<testsuite hostname="hepeng" name="org.webdriver.mindaiwebui.cases.Openaccount" tests="1" failures="0" timestamp="8 Apr 2019 08:00:21 GMT" time="5.864" errors="0">
  <testcase name="Login" time="5.864" classname="org.webdriver.mindaiwebui.cases.Openaccount"/>
</testsuite> <!-- org.webdriver.mindaiwebui.cases.Openaccount -->
